<?xml version="1.0" encoding="UTF-8"?>
<testng-results skipped="0" failed="0" ignored="0" total="1" passed="1">
  <reporter-output>
  </reporter-output>
  <suite name="Default suite" duration-ms="45" started-at="2017-04-26T02:59:32Z" finished-at="2017-04-26T02:59:32Z">
    <groups>
    </groups>
    <test name="Default test" duration-ms="45" started-at="2017-04-26T02:59:32Z" finished-at="2017-04-26T02:59:32Z">
      <class name="test.NewTest">
        <test-method status="PASS" signature="f()[pri:0, instance:test.NewTest@6325a3ee]" name="f" duration-ms="26" started-at="2017-04-26T10:59:32Z" finished-at="2017-04-26T10:59:32Z">
          <reporter-output>
          </reporter-output>
        </test-method> <!-- f -->
      </class> <!-- test.NewTest -->
    </test> <!-- Default test -->
  </suite> <!-- Default suite -->
</testng-results>
