<?xml version="1.0" encoding="UTF-8"?>
<testng-results skipped="0" failed="0" ignored="0" total="1" passed="1">
  <reporter-output>
  </reporter-output>
  <suite name="Default suite" duration-ms="465" started-at="2017-04-13T14:09:54Z" finished-at="2017-04-13T14:09:54Z">
    <groups>
    </groups>
    <test name="Default test" duration-ms="465" started-at="2017-04-13T14:09:54Z" finished-at="2017-04-13T14:09:54Z">
      <class name="TestExcel">
        <test-method status="PASS" signature="f()[pri:0, instance:TestExcel@dc24521]" name="f" duration-ms="428" started-at="2017-04-13T22:09:54Z" finished-at="2017-04-13T22:09:54Z">
          <reporter-output>
          </reporter-output>
        </test-method> <!-- f -->
      </class> <!-- TestExcel -->
    </test> <!-- Default test -->
  </suite> <!-- Default suite -->
</testng-results>
